<?xml version="1.0" encoding="UTF-8"?>
<!-- Generated by org.testng.reporters.JUnitReportReporter -->
<testsuite hostname="NUUUNINUB92GZ52" name="jokabTest.jokabTest.TestJK" tests="1" failures="0" timestamp="7 May 2016 01:33:33 GMT" time="8.490" errors="0">
  <testcase name="simpleTest" time="8.490" classname="jokabTest.jokabTest.TestJK"/>
</testsuite> <!-- jokabTest.jokabTest.TestJK -->
