<?xml version="1.0" encoding="UTF-8"?>
<!-- Generated by org.testng.reporters.JUnitReportReporter -->
<testsuite hostname="NUUUNINUB92GZ52" name="jokabTest.jokabTest.ReadJsonObject" tests="1" failures="0" timestamp="8 May 2016 23:28:51 GMT" time="0.232" errors="0">
  <testcase name="aptTesting" time="0.232" classname="jokabTest.jokabTest.ReadJsonObject"/>
</testsuite> <!-- jokabTest.jokabTest.ReadJsonObject -->
