<?xml version="1.0" encoding="UTF-8"?>
<!-- Generated by org.testng.reporters.JUnitReportReporter -->
<testsuite hostname="NUUUNINUB92GZ52" name="jokabTest.jokabTest.TestJK" tests="3" failures="0" timestamp="8 May 2016 23:28:51 GMT" time="95.151" errors="0">
  <testcase name="appiumSauceLabsTest" time="75.566" classname="jokabTest.jokabTest.TestJK"/>
  <testcase name="apiTesting" time="0.329" classname="jokabTest.jokabTest.TestJK"/>
  <testcase name="OpenVirtualConsult" time="19.256" classname="jokabTest.jokabTest.TestJK"/>
</testsuite> <!-- jokabTest.jokabTest.TestJK -->
